<?xml version="1.0" encoding="UTF-8"?>
<!-- Generated by org.testng.reporters.JUnitReportReporter -->
<testsuite skipped="0" hostname="ViktoriyasMBP2.local.tld" name="scripts.TechGlobalLogoTest" tests="1" failures="0" timestamp="2023-01-23T18:02:09 CST" time="7.904" errors="0">
  <testcase name="validateTechGlobalLogo" time="7.904" classname="scripts.TechGlobalLogoTest"/>
  <system-out/>
</testsuite> <!-- scripts.TechGlobalLogoTest -->
