<?xml version="1.0" encoding="UTF-8"?>
<!-- Generated by org.testng.reporters.JUnitReportReporter -->
<testsuite skipped="0" hostname="ViktoriyasMBP2.local.tld" name="scripts.TechGlobalCheckBoxTest" tests="2" failures="0" timestamp="2023-01-22T11:16:48 CST" time="25.827" errors="0">
  <testcase name="validateCheckboxes" time="14.727" classname="scripts.TechGlobalCheckBoxTest"/>
  <system-out/>
  <testcase name="validateCheckboxes2" time="11.100" classname="scripts.TechGlobalCheckBoxTest"/>
  <system-out/>
</testsuite> <!-- scripts.TechGlobalCheckBoxTest -->
