<?xml version="1.0" encoding="UTF-8"?>
<!-- Generated by org.testng.reporters.JUnitReportReporter -->
<testsuite skipped="0" hostname="ViktoriyasMBP2.local.tld" name="scripts.TechGlobalRadioButtonsTest" tests="2" failures="0" timestamp="2023-01-22T11:16:48 CST" time="23.456" errors="0">
  <testcase name="languageRadioButtons" time="11.055" classname="scripts.TechGlobalRadioButtonsTest"/>
  <system-out/>
  <testcase name="toolsRadioButtons" time="12.401" classname="scripts.TechGlobalRadioButtonsTest"/>
  <system-out/>
</testsuite> <!-- scripts.TechGlobalRadioButtonsTest -->
