<?xml version="1.0" encoding="UTF-8"?>
<!-- Generated by org.testng.reporters.JUnitReportReporter -->
<testsuite skipped="0" hostname="ViktoriyasMBP2.local.tld" name="scripts.TechGlobalWaitsTest" tests="1" failures="0" timestamp="2023-01-22T11:16:48 CST" time="44.651" errors="0">
  <testcase name="validateRedBox" time="44.651" classname="scripts.TechGlobalWaitsTest"/>
  <system-out/>
</testsuite> <!-- scripts.TechGlobalWaitsTest -->
